<?xml version="1.0" encoding="UTF-8"?>
<testng-results skipped="0" failed="0" ignored="0" total="1" passed="1">
  <reporter-output>
  </reporter-output>
  <suite name="Default suite" duration-ms="13153" started-at="2021-10-16T17:35:18 CDT" finished-at="2021-10-16T17:35:32 CDT">
    <groups>
    </groups>
    <test name="Default test" duration-ms="13153" started-at="2021-10-16T17:35:18 CDT" finished-at="2021-10-16T17:35:32 CDT">
      <class name="test.ValidationMonthTest">
        <test-method status="PASS" signature="UserShouldAbleToSellAllMonthFromDropdown()[pri:0, instance:test.ValidationMonthTest@3cef309d]" name="UserShouldAbleToSellAllMonthFromDropdown" duration-ms="13066" started-at="2021-10-16T17:35:18 CDT" finished-at="2021-10-16T17:35:32 CDT">
          <reporter-output>
          </reporter-output>
        </test-method> <!-- UserShouldAbleToSellAllMonthFromDropdown -->
      </class> <!-- test.ValidationMonthTest -->
    </test> <!-- Default test -->
  </suite> <!-- Default suite -->
</testng-results>
